1594660603878	mozrunner::runner	INFO	Running command: "C:\\Program Files\\Firefox Developer Edition\\firefox.exe" "-marionette" "-foreground" "-no-remote" "-profile" "C:\\Users\\nipun\\AppData\\Local\\Temp\\rust_mozprofile.o93bH1MCFZd1"
JavaScript error: resource://gre/modules/XULStore.jsm, line 66: Error: Can't find profile directory.
console.error: SearchCache: "_readCacheFile: Error reading cache file:" (new Error("", "(unknown module)"))
1594660608496	Marionette	INFO	Listening on port 49391
1594660608674	Marionette	WARN	TLS certificate errors will be ignored for this session
console.error: (new TypeError("can't access property \"parentNode\", currentNode is null", "resource://devtools/client/inspector/shared/style-change-tracker.js", 66))
TypeError: can't access property "parentNode", currentNode is null: canMutationImpactCurrentStyles@resource://devtools/client/inspector/shared/style-change-tracker.js:66:20
onMutations@resource://devtools/client/inspector/shared/style-change-tracker.js:84:41
_emit@resource://devtools/shared/event-emitter.js:226:34
emit@resource://devtools/shared/event-emitter.js:172:18
emit@resource://devtools/shared/event-emitter.js:324:18
getMutations@resource://devtools/client/fronts/walker.js:409:10

[Parent 14740, Gecko_IOThread] WARNING: file /builds/worker/checkouts/gecko/ipc/chromium/src/base/process_util_win.cc, line 166
1594664939776	Marionette	INFO	Stopped listening on port 49391

###!!! [Child][RunMessage] Error: Channel closing: too late to send/recv, messages will be lost


###!!! [Child][MessageChannel::SendAndWait] Error: Channel error: cannot send/recv

1594664943629	mozrunner::runner	INFO	Running command: "C:\\Program Files\\Firefox Developer Edition\\firefox.exe" "-marionette" "-foreground" "-no-remote" "-profile" "C:\\Users\\nipun\\AppData\\Local\\Temp\\rust_mozprofile.AQ4APdGeHvUn"
JavaScript error: resource://gre/modules/XULStore.jsm, line 66: Error: Can't find profile directory.
console.error: SearchCache: "_readCacheFile: Error reading cache file:" (new Error("", "(unknown module)"))
1594664947581	Marionette	INFO	Listening on port 61454
1594664947788	Marionette	WARN	TLS certificate errors will be ignored for this session
[Parent 76, Gecko_IOThread] WARNING: file /builds/worker/checkouts/gecko/ipc/chromium/src/base/process_util_win.cc, line 166
1594664951343	Marionette	INFO	Stopped listening on port 61454

###!!! [Child][RunMessage] Error: Channel closing: too late to send/recv, messages will be lost


###!!! [Child][MessageChannel::SendAndWait] Error: Channel error: cannot send/recv

1594664954858	mozrunner::runner	INFO	Running command: "C:\\Program Files\\Firefox Developer Edition\\firefox.exe" "-marionette" "-foreground" "-no-remote" "-profile" "C:\\Users\\nipun\\AppData\\Local\\Temp\\rust_mozprofile.2nr1qWMQ00XK"
JavaScript error: resource://gre/modules/XULStore.jsm, line 66: Error: Can't find profile directory.
console.error: SearchCache: "_readCacheFile: Error reading cache file:" (new Error("", "(unknown module)"))
1594664958524	Marionette	INFO	Listening on port 61514
1594664959000	Marionette	WARN	TLS certificate errors will be ignored for this session

###!!! [Child][MessageChannel] Error: (msgtype=0x6B0016,name=PNecko::Msg_PredLearn) Channel closing: too late to send/recv, messages will be lost


###!!! [Child][MessageChannel] Error: (msgtype=0x390130,name=PContent::Msg_ScriptError) Channel closing: too late to send/recv, messages will be lost


###!!! [Child][MessageChannel] Error: (msgtype=0x390130,name=PContent::Msg_ScriptError) Channel closing: too late to send/recv, messages will be lost


###!!! [Child][RunMessage] Error: Channel closing: too late to send/recv, messages will be lost

[Parent 13412, Gecko_IOThread] WARNING: file /builds/worker/checkouts/gecko/ipc/chromium/src/base/process_util_win.cc, line 166
1594664960346	Marionette	INFO	Stopped listening on port 61514

###!!! [Child][RunMessage] Error: Channel closing: too late to send/recv, messages will be lost


###!!! [Child][MessageChannel::SendAndWait] Error: Channel error: cannot send/recv

1594664964179	mozrunner::runner	INFO	Running command: "C:\\Program Files\\Firefox Developer Edition\\firefox.exe" "-marionette" "-foreground" "-no-remote" "-profile" "C:\\Users\\nipun\\AppData\\Local\\Temp\\rust_mozprofile.YEqVuyH1JyDR"
JavaScript error: resource://gre/modules/XULStore.jsm, line 66: Error: Can't find profile directory.
console.error: SearchCache: "_readCacheFile: Error reading cache file:" (new Error("", "(unknown module)"))
1594664968086	Marionette	INFO	Listening on port 61559
1594664968338	Marionette	WARN	TLS certificate errors will be ignored for this session
[Parent 17292, Gecko_IOThread] WARNING: file /builds/worker/checkouts/gecko/ipc/chromium/src/base/process_util_win.cc, line 166
1594664971372	Marionette	INFO	Stopped listening on port 61559

###!!! [Child][MessageChannel::SendAndWait] Error: Channel error: cannot send/recv

1594664974880	mozrunner::runner	INFO	Running command: "C:\\Program Files\\Firefox Developer Edition\\firefox.exe" "-marionette" "-foreground" "-no-remote" "-profile" "C:\\Users\\nipun\\AppData\\Local\\Temp\\rust_mozprofile.AzvyYM1ZjWpF"
JavaScript error: resource://gre/modules/XULStore.jsm, line 66: Error: Can't find profile directory.
console.error: SearchCache: "_readCacheFile: Error reading cache file:" (new Error("", "(unknown module)"))
1594664978508	Marionette	INFO	Listening on port 61619
1594664978546	Marionette	WARN	TLS certificate errors will be ignored for this session
[Parent 10432, Gecko_IOThread] WARNING: file /builds/worker/checkouts/gecko/ipc/chromium/src/base/process_util_win.cc, line 166
1594664991166	Marionette	INFO	Stopped listening on port 61619

###!!! [Child][RunMessage] Error: Channel closing: too late to send/recv, messages will be lost


###!!! [Child][MessageChannel::SendAndWait] Error: Channel error: cannot send/recv

1594665002351	mozrunner::runner	INFO	Running command: "C:\\Program Files\\Firefox Developer Edition\\firefox.exe" "-marionette" "-foreground" "-no-remote" "-profile" "C:\\Users\\nipun\\AppData\\Local\\Temp\\rust_mozprofile.oaB5fq1q3mFX"
console.error: SearchCache: "_readCacheFile: Error reading cache file:" (new Error("", "(unknown module)"))
1594665005373	Marionette	INFO	Listening on port 61661
1594665005507	Marionette	WARN	TLS certificate errors will be ignored for this session
1594665031273	Marionette	INFO	Stopped listening on port 61661
ram Files\\Firefox Developer Edition\\firefox.exe" "-marionette" "-foreground" "-no-remote" "-profile" "C:\\Users\\nipun\\AppData\\Local\\Temp\\rust_mozprofile.N8gJAa4TCw1H"
JavaScript error: resource://gre/modules/XULStore.jsm, line 66: Error: Can't find profile directory.
console.error: SearchCache: "_readCacheFile: Error reading cache file:" (new Error("", "(unknown module)"))
1594665034582	Marionette	INFO	Listening on port 61699
1594665034597	Marionette	WARN	TLS certificate errors will be ignored for this session
[Parent 12208, Gecko_IOThread] WARNING: file /builds/worker/checkouts/gecko/ipc/chromium/src/base/process_util_win.cc, line 166
1594665039507	Marionette	INFO	Stopped listening on port 61699

###!!! [Child][MessageChannel::SendAndWait]JavaScript error: resource://gre/modules/XULStore.jsm, line 66: Error: Can't find profile directory.
console.error: SearchCache: "_readCacheFile: Error reading cache file:" (new Error("", "(unknown module)"))
1594665042561	Marionette	INFO	Listening on port 61736
[Parent 2228, Gecko_IOThread] WARNING: file /builds/worker/checkouts/gecko/ipc/chromium/src/base/process_util_win.cc, line 166
1594665043572	Marionette	INFO	Stopped listening on port 61736

###!!! [Child][RunMessage] Error: Channel closing: too late to send/recv, messages will be lost


###!!! [Child][MessageChannel::SendAndWait] Error: Channel error: cannot send/recv

1594665146936	mozrunner::runner	INFO	Running command: "C:\\Program Files\\Firefox Developer Edition\\firefox.exe" "-marionette" "-foreground" "-no-remote" "-profile" "C:\\Users\\nipun\\AppData\\Local\\Temp\\rust_mozprofile.LmYxnOlUEjnA"
JavaScript error: resource://gre/modules/XULStore.jsm, line 66: Error: Can't find profile directory.
console.error: SearchCache: "_readCacheFile: Error reading cache file:" (new Error("", "(unknown module)"))
1594665150690	Marionette	INFO	Listening on port 61779
1594665151095	Marionette	WARN	TLS certificate errors will be ignored for this session
1594665867288	Marionette	INFO	Stopped listening on port 61779

###!!! [Child][MessageChannel::SendAndWait] Error: Channel error: cannot send/recv

1594665941957	mozrunner::runner	INFO	Running command: "C:\\Program Files\\Firefox Developer Edition\\firefox.exe" "-marionette" "-foreground" "-no-remote" "-profile" "C:\\Users\\nipun\\AppData\\Local\\Temp\\rust_mozprofile.xOGHN5oK8f7J"
JavaScript error: resource://gre/modules/XULStore.jsm, line 66: Error: Can't find profile directory.
console.error: SearchCache: "_readCacheFile: Error reading cache file:" (new Error("", "(unknown module)"))
1594665947075	Marionette	INFO	Listening on port 61921
1594665947297	Marionette	WARN	TLS certificate errors will be ignored for this session
1594665998611	Marionette	INFO	Stopped listening on port 61921

###!!! [Child][MessageChannel::SendAndWait] Error: Channel error: cannot send/recv

1594666003442	mozrunner::runner	INFO	Running command: "C:\\Program Files\\Firefox Developer Edition\\firefox.exe" "-marionette" "-foreground" "-no-remote" "-profile" "C:\\Users\\nipun\\AppData\\Local\\Temp\\rust_mozprofile.ZXygoTwzJWOX"
console.error: SearchCache: "_readCacheFile: Error reading cache file:" (new Error("", "(unknown module)"))
1594666007230	Marionette	INFO	Listening on port 61987
1594666007653	Marionette	WARN	TLS certificate errors will be ignored for this session
1594670117280	Marionette	INFO	Stopped listening on port 61987
1594670121436	mozrunner::runner	INFO	Running command: "C:\\Program Files\\Firefox Developer Edition\\firefox.exe" "-marionette" "-foreground" "-no-remote" "-profile" "C:\\Users\\nipun\\AppData\\Local\\Temp\\rust_mozprofile.nG7Fk8sCGhZ7"
JavaScript error: resource://gre/modules/XULStore.jsm, line 66: Error: Can't find profile directory.
console.error: SearchCache: "_readCacheFile: Error reading cache file:" (new Error("", "(unknown module)"))
1594670128787	Marionette	INFO	Listening on port 62733
1594670129189	Marionette	WARN	TLS certificate errors will be ignored for this session
[Parent 6884, Gecko_IOThread] WARNING: file /builds/worker/checkouts/gecko/ipc/chromium/src/base/process_util_win.cc, line 166
1594674183878	Marionette	INFO	Stopped listening on port 62733

###!!! [Child][MessageChannel::SendAndWait] Error: Channel error: cannot send/recv

1594674188714	mozrunner::runner	INFO	Running command: "C:\\Program Files\\Firefox Developer Edition\\firefox.exe" "-marionette" "-foreground" "-no-remote" "-profile" "C:\\Users\\nipun\\AppData\\Local\\Temp\\rust_mozprofile.yAFXZzbwxO7z"
console.error: SearchCache: "_readCacheFile: Error reading cache file:" (new Error("", "(unknown module)"))
1594674192687	Marionette	INFO	Listening on port 62968
1594674192915	Marionette	WARN	TLS certificate errors will be ignored for this session
1594674220031	Marionette	INFO	Stopped listening on port 62968
1594674226464	mozrunner::runner	INFO	Running command: "C:\\Program Files\\Firefox Developer Edition\\firefox.exe" "-marionette" "-foreground" "-no-remote" "-profile" "C:\\Users\\nipun\\AppData\\Local\\Temp\\rust_mozprofile.RBsSEXHEgoRA"
console.error: SearchCache: "_readCacheFile: Error reading cache file:" (new Error("", "(unknown module)"))
1594674230138	Marionette	INFO	Listening on port 63033
1594674230156	Marionette	WARN	TLS certificate errors will be ignored for this session
JavaScript error: resource:///modules/FaviconLoader.jsm, line 568: InvalidStateError: An attempt was made to use an object that is not, or is no longer, usable
JavaScript error: resource:///modules/FaviconLoader.jsm, line 568: InvalidStateError: An attempt was made to use an object that is not, or is no longer, usable
[Parent 5420, Gecko_IOThread] WARNING: file /builds/worker/checkouts/gecko/ipc/chromium/src/base/process_util_win.cc, line 166
1594674354734	Marionette	INFO	Stopped listening on port 63033
1594674362714	mozrunner::runner	INFO	Running command: "C:\\Program Files\\Firefox Developer Edition\\firefox.exe" "-marionette" "-foreground" "-no-remote" "-profile" "C:\\Users\\nipun\\AppData\\Local\\Temp\\rust_mozprofile.DhgnUpibqOX7"
JavaScript error: resource://gre/modules/XULStore.jsm, line 66: Error: Can't find profile directory.
console.error: SearchCache: "_readCacheFile: Error reading cache file:" (new Error("", "(unknown module)"))
1594674368149	Marionette	INFO	Listening on port 63188
1594674368204	Marionette	WARN	TLS certificate errors will be ignored for this session
[Parent 11040, Gecko_IOThread] WARNING: file /builds/worker/checkouts/gecko/ipc/chromium/src/base/process_util_win.cc, line 166
1594678501045	Marionette	INFO	Stopped listening on port 63188

###!!! [Child][MessageChannel::SendAndWait] Error: Channel error: cannot send/recv

1594678515886	mozrunner::runner	INFO	Running command: "C:\\Program Files\\Firefox Developer Edition\\firefox.exe" "-marionette" "-foreground" "-no-remote" "-profile" "C:\\Users\\nipun\\AppData\\Local\\Temp\\rust_mozprofile.fcmfljW4G441"
JavaScript error: resource://gre/modules/XULStore.jsm, line 66: Error: Can't find profile directory.
console.error: SearchCache: "_readCacheFile: Error reading cache file:" (new Error("", "(unknown module)"))
1594678520251	Marionette	INFO	Listening on port 63467
1594678520731	Marionette	WARN	TLS certificate errors will be ignored for this session
[Parent 11252, Gecko_IOThread] WARNING: file /builds/worker/checkouts/gecko/ipc/chromium/src/base/process_util_win.cc, line 166
1594678677622	Marionette	INFO	Stopped listening on port 63467

###!!! [Child][RunMessage] Error: Channel closing: too late to send/recv, messages will be lost


###!!! [Child][MessageChannel::SendAndWait] Error: Channel error: cannot send/recv

1594678682245	mozrunner::runner	INFO	Running command: "C:\\Program Files\\Firefox Developer Edition\\firefox.exe" "-marionette" "-foreground" "-no-remote" "-profile" "C:\\Users\\nipun\\AppData\\Local\\Temp\\rust_mozprofile.AiNhbyIc7MeC"
console.error: SearchCache: "_readCacheFile: Error reading cache file:" (new Error("", "(unknown module)"))
1594678685579	Marionette	INFO	Listening on port 63638
1594678685936	Marionette	WARN	TLS certificate errors will be ignored for this session
JavaScript error: resource:///modules/FaviconLoader.jsm, line 568: InvalidStateError: An attempt was made to use an object that is not, or is no longer, usable
[Parent 5852, Gecko_IOThread] WARNING: file /builds/worker/checkouts/gecko/ipc/chromium/src/base/process_util_win.cc, line 166
1594679021004	Marionette	INFO	Stopped listening on port 63638
1594679094443	mozrunner::runner	INFO	Running command: "C:\\Program Files\\Firefox Developer Edition\\firefox.exe" "-marionette" "-foreground" "-no-remote" "-profile" "C:\\Users\\nipun\\AppData\\Local\\Temp\\rust_mozprofile.Q5sbjXGcHwbT"
JavaScript error: resource://gre/modules/XULStore.jsm, line 66: Error: Can't find profile directory.
console.error: SearchCache: "_readCacheFile: Error reading cache file:" (new Error("", "(unknown module)"))
1594679098339	Marionette	INFO	Listening on port 51288
1594679098614	Marionette	WARN	TLS certificate errors will be ignored for this session
[Parent 13400, Gecko_IOThread] WARNING: file /builds/worker/checkouts/gecko/ipc/chromium/src/base/process_util_win.cc, line 166
1594679158251	Marionette	INFO	Stopped listening on port 51288

###!!! [Child][RunMessage] Error: Channel closing: too late to send/recv, messages will be lost


###!!! [Child][MessageChannel::SendAndWait] Error: Channel error: cannot send/recv

1594679167860	mozrunner::runner	INFO	Running command: "C:\\Program Files\\Firefox Developer Edition\\firefox.exe" "-marionette" "-foreground" "-no-remote" "-profile" "C:\\Users\\nipun\\AppData\\Local\\Temp\\rust_mozprofile.Ugo9lDSUp9zX"
JavaScript error: resource://gre/modules/XULStore.jsm, line 66: Error: Can't find profile directory.
console.error: SearchCache: "_readCacheFile: Error reading cache file:" (new Error("", "(unknown module)"))
1594679171335	Marionette	INFO	Listening on port 51409
1594679171637	Marionette	WARN	TLS certificate errors will be ignored for this session
[Parent 5624, Gecko_IOThread] WARNING: file /builds/worker/checkouts/gecko/ipc/chromium/src/base/process_util_win.cc, line 166
1594679235131	Marionette	INFO	Stopped listening on port 51409

###!!! [Child][RunMessage] Error: Channel closing: too late to send/recv, messages will be lost


###!!! [Child][MessageChannel::SendAndWait] Error: Channel error: cannot send/recv

1594682915501	mozrunner::runner	INFO	Running command: "C:\\Program Files\\Firefox Developer Edition\\firefox.exe" "-marionette" "-foreground" "-no-remote" "-profile" "C:\\Users\\nipun\\AppData\\Local\\Temp\\rust_mozprofile.CCKhBQEoEqAN"
JavaScript error: resource://gre/modules/XULStore.jsm, line 66: Error: Can't find profile directory.
console.error: SearchCache: "_readCacheFile: Error reading cache file:" (new Error("", "(unknown module)"))
1594682920270	Marionette	INFO	Listening on port 50985
1594682920305	Marionette	WARN	TLS certificate errors will be ignored for this session
[Parent 12408, Gecko_IOThread] WARNING: file /builds/worker/checkouts/gecko/ipc/chromium/src/base/process_util_win.cc, line 166
1594682988971	Marionette	INFO	Stopped listening on port 50985

###!!! [Child][RunMessage] Error: Channel closing: too late to send/recv, messages will be lost


###!!! [Child][MessageChannel::SendAndWait] Error: Channel error: cannot send/recv

1594683228143	mozrunner::runner	INFO	Running command: "C:\\Program Files\\Firefox Developer Edition\\firefox.exe" "-marionette" "-foreground" "-no-remote" "-profile" "C:\\Users\\nipun\\AppData\\Local\\Temp\\rust_mozprofile.uKOHqW12ERgm"
JavaScript error: resource://gre/modules/XULStore.jsm, line 66: Error: Can't find profile directory.
console.error: SearchCache: "_readCacheFile: Error reading cache file:" (new Error("", "(unknown module)"))
1594683232493	Marionette	INFO	Listening on port 51217
1594683232953	Marionette	WARN	TLS certificate errors will be ignored for this session
[Parent 11880, Gecko_IOThread] WARNING: file /builds/worker/checkouts/gecko/ipc/chromium/src/base/process_util_win.cc, line 166
1594683383164	Marionette	INFO	Stopped listening on port 51217

###!!! [Child][RunMessage] Error: Channel cJavaScript error: resource://gre/modules/XULStore.jsm, line 66: Error: Can't find profile directory.
console.error: SearchCache: "_readCacheFile: Error reading cache file:" (new Error("", "(unknown module)"))
1594683386948	Marionette	INFO	Listening on port 51327
1594683387201	Marionette	WARN	TLS certificate errors will be ignored for this session
[Parent 3064, Gecko_IOThread] WARNING: file /builds/worker/checkouts/gecko/ipc/chromium/src/base/process_util_win.cc, line 166
1594683544024	Marionette	INFO	Stopped listening on port 51327

###!!! [Child][MessageChannel::SendAndWait] Error: Channel error: cannot send/recv

ULStore.jsm, line 66: Error: Can't find profile directory.
console.error: SearchCache: "_readCacheFile: Error reading cache file:" (new Error("", "(unknown module)"))
1594683482338	Marionette	INFO	Listening on port 51507
1594683482371	Marionette	WARN	TLS certificate errors will be ignored for this session

###!!! [Child][RunMessage] Error: Channel closing: too late to send/recv, messages will be lost

[Parent 12756, Gecko_IOThread] WARNING: file /builds/worker/checkouts/gecko/ipc/chromium/src/base/process_util_win.cc, line 166
1594683526176	Marionette	INFO	Stopped listening on port 51507

###!!! [Child][RunMessage] Error: Channel closing: too late to send/recv, messages will be lost


###!!! [Child][MessageChannel::SendAndWait] Error: Channel error: cannot send/recv

1594683591258	mozrunner::runner	INFO	Running command: "C:\\Program Files\\Firefox Developer Edition\\firefox.exe" "-marionette" "-foreground" "-no-remote" "-profile" "C:\\Users\\nipun\\AppData\\Local\\Temp\\rust_mozprofile.jcID6PVnpCSm"
JavaScript error: resource://gre/modules/XULStore.jsm, line 66: Error: Can't find profile directory.
console.error: SearchCache: "_readCacheFile: Error reading cache file:" (new Error("", "(unknown module)"))
1594683595118	Marionette	INFO	Listening on port 51683
1594683595446	Marionette	WARN	TLS certificate errors will be ignored for this session
1594683625570	Marionette	INFO	Stopped listening on port 51683
[Parent 9596, Gecko_IOThread] WARNING: file /builds/worker/checkouts/gecko/ipc/chromium/src/base/process_util_win.cc, line 166

###!!! [Child][RunMessage] Error: Channel closing: too late to send/recv, messages will be lost


###!!! [Child][MessageChannel::SendAndWait] Error: Channel error: cannot send/recv

1594683807647	mozrunner::runner	INFO	Running command: "C:\\Program Files\\Firefox Developer Edition\\firefox.exe" "-marionette" "-foreground" "-no-remote" "-profile" "C:\\Users\\nipun\\AppData\\Local\\Temp\\rust_mozprofile.enSMj337qN46"
JavaScript error: resource://gre/modules/XULStore.jsm, line 66: Error: Can't find profile directory.
console.error: SearchCache: "_readCacheFile: Error reading cache file:" (new Error("", "(unknown module)"))
1594683811766	Marionette	INFO	Listening on port 51860
1594683811828	Marionette	WARN	TLS certificate errors will be ignored for this session
1594683843110	Marionette	INFO	Stopped listening on port 51860
[Parent 13064, Gecko_IOThread] WARNING: file /builds/worker/checkouts/gecko/ipc/chromium/src/base/process_util_win.cc, line 166

###!!! [Child][RunMessage] Error: Channel closing: too late to send/recv, messages will be lost


###!!! [Child][MessageChannel::SendAndWait] Error: Channel error: cannot send/recv

1594683878629	mozrunner::runner	INFO	Running command: "C:\\Program Files\\Firefox Developer Edition\\firefox.exe" "-marionette" "-foreground" "-no-remote" "-profile" "C:\\Users\\nipun\\AppData\\Local\\Temp\\rust_mozprofile.BLSEUj2VL6gc"
JavaScript error: resource://gre/modules/XULStore.jsm, line 66: Error: Can't find profile directory.
console.error: SearchCache: "_readCacheFile: Error reading cache file:" (new Error("", "(unknown module)"))
1594683882572	Marionette	INFO	Listening on port 52021
1594683882845	Marionette	WARN	TLS certificate errors will be ignored for this session
[Parent 10932, Gecko_IOThread] WARNING: file /builds/worker/checkouts/gecko/ipc/chromium/src/base/process_util_win.cc, line 166
1594683965796	Marionette	INFO	Stopped listening on port 52021

###!!! [Child][RunMessage] Error: Channel closing: too late to send/recv, messages will be lost


###!!! [Child][MessageChannel::SendAndWait] Error: Channel error: cannot send/recv

1594684015425	mozrunner::runner	INFO	Running command: "C:\\Program Files\\Firefox Developer Edition\\firefox.exe" "-marionette" "-foreground" "-no-remote" "-profile" "C:\\Users\\nipun\\AppData\\Local\\Temp\\rust_mozprofile.W2BsGAq0xWKT"
JavaScript error: resource://gre/modules/XULStore.jsm, line 66: Error: Can't find profile directory.
console.error: SearchCache: "_readCacheFile: Error reading cache file:" (new Error("", "(unknown module)"))
1594684019523	Marionette	INFO	Listening on port 52247
1594684019587	Marionette	WARN	TLS certificate errors will be ignored for this session
[Parent 11040, Gecko_IOThread] WARNING: file /builds/worker/checkouts/gecko/ipc/chromium/src/base/process_util_win.cc, line 166
1594684394971	Marionette	INFO	Stopped listening on port 52247

###!!! [Child][RunMessage] Error: Channel closing: too late to send/recv, messages will be lost


###!!! [Child][MessageChannel::SendAndWait] Error: Channel error: cannot send/recv

1594684401070	mozrunner::runner	INFO	Running command: "C:\\Program Files\\Firefox Developer Edition\\firefox.exe" "-marionette" "-foreground" "-no-remote" "-profile" "C:\\Users\\nipun\\AppData\\Local\\Temp\\rust_mozprofile.rKOQIGJwEZkr"
JavaScript error: resource://gre/modules/XULStore.jsm, line 66: Error: Can't find profile directory.
console.error: SearchCache: "_readCacheFile: Error reading cache file:" (new Error("", "(unknown module)"))
1594684404916	Marionette	INFO	Listening on port 52455
1594684405274	Marionette	WARN	TLS certificate errors will be ignored for this session
1594684442665	Marionette	INFO	Stopped listening on port 52455
[Parent 9052, Gecko_IOThread] WARNING: file /builds/worker/checkouts/gecko/ipc/chromium/src/base/process_util_win.cc, line 166

###!!! [Child][MessageChannel::SendAndWait] Error: Channel error: cannot send/recv

1594684481554	mozrunner::runner	INFO	Running command: "C:\\Program Files\\Firefox Developer Edition\\firefox.exe" "-marionette" "-foreground" "-no-remote" "-profile" "C:\\Users\\nipun\\AppData\\Local\\Temp\\rust_mozprofile.5JWOuLzcpXad"
console.error: SearchCache: "_readCacheFile: Error reading cache file:" (new Error("", "(unknown module)"))
1594684485116	Marionette	INFO	Listening on port 52621
1594684485269	Marionette	WARN	TLS certificate errors will be ignored for this session
[Parent 10940, Gecko_IOThread] WARNING: file /builds/worker/checkouts/gecko/ipc/chromium/src/base/process_util_win.cc, line 166
1594684514185	Marionette	INFO	Stopped listening on port 52621
1594684639712	mozrunner::runner	INFO	Running command: "C:\\Program Files\\Firefox Developer Edition\\firefox.exe" "-marionette" "-foreground" "-no-remote" "-profile" "C:\\Users\\nipun\\AppData\\Local\\Temp\\rust_mozprofile.SrDHIblLEbhC"
JavaScript error: resource://gre/modules/XULStore.jsm, line 66: Error: Can't find profile directory.
console.error: SearchCache: "_readCacheFile: Error reading cache file:" (new Error("", "(unknown module)"))
1594684644095	Marionette	INFO	Listening on port 52783
1594684644506	Marionette	WARN	TLS certificate errors will be ignored for this session
1594684687233	Marionette	INFO	Stopped listening on port 52783
[Parent 13760, Gecko_IOThread] WARNING: file /builds/worker/checkouts/gecko/ipc/chromium/src/base/process_util_win.cc, line 166

###!!! [Child][RunMessage] Error: Channel closing: too late to send/recv, messages will be lost


###!!! [Child][MessageChannel::SendAndWait] Error: Channel error: cannot send/recv

1594684707968	mozrunner::runner	INFO	Running command: "C:\\Program Files\\Firefox Developer Edition\\firefox.exe" "-marionette" "-foreground" "-no-remote" "-profile" "C:\\Users\\nipun\\AppData\\Local\\Temp\\rust_mozprofile.bcrDE6Trfc14"
JavaScript error: resource://gre/modules/XULStore.jsm, line 66: Error: Can't find profile directory.
console.error: SearchCache: "_readCacheFile: Error reading cache file:" (new Error("", "(unknown module)"))
1594684711828	Marionette	INFO	Listening on port 52849
1594684712163	Marionette	WARN	TLS certificate errors will be ignored for this session
1594684754765	Marionette	INFO	Stopped listening on port 52849
[Parent 4396, Gecko_IOThread] WARNING: file /builds/worker/checkouts/gecko/ipc/chromium/src/base/process_util_win.cc, line 166

###!!! [Child][RunMessage] Error: Channel closing: too late to send/recv, messages will be lost


###!!! [Child][MessageChannel::SendAndWait] Error: Channel error: cannot send/recv

1597664323451	mozrunner::runner	INFO	Running command: "C:\\Program Files\\Firefox Developer Edition\\firefox.exe" "-marionette" "-foreground" "-no-remote" "-profile" "C:\\Users\\nipun\\AppData\\Local\\Temp\\rust_mozprofile.m6QnHpHoFS0d"
console.error: SearchCache: "_readCacheFile: Error reading cache file:" (new Error("", "(unknown module)"))
1597664326599	Marionette	INFO	Listening on port 49985
1597664327072	Marionette	WARN	TLS certificate errors will be ignored for this session
1597664364039	Marionette	INFO	Stopped listening on port 49985
[Parent 8488, Gecko_IOThread] WARNING: file /builds/worker/checkouts/gecko/ipc/chromium/src/base/process_util_win.cc, line 166
1597665197115	mozrunner::runner	INFO	Running command: "C:\\Program Files\\Firefox Developer Edition\\firefox.exe" "-marionette" "-foreground" "-no-remote" "-profile" "C:\\Users\\nipun\\AppData\\Local\\Temp\\rust_mozprofile.bsiJE1VIL0hB"
console.error: SearchCache: "_readCacheFile: Error reading cache file:" (new Error("", "(unknown module)"))
1597665200020	Marionette	INFO	Listening on port 50164
1597665200232	Marionette	WARN	TLS certificate errors will be ignored for this session
1597665231597	Marionette	INFO	Stopped listening on port 50164
ram Files\\Firefox Developer Edition\\firefox.exe" "-marionette" "-foreground" "-no-remote" "-profile" "C:\\Users\\nipun\\AppData\\Local\\Temp\\rust_mozprofile.3vyNcLKC4AMi"
JavaScript error: resource://gre/modules/XULStore.jsm, line 66: Error: Can't find profile directory.
console.error: SearchCache: "_readCacheFile: Error reading cache file:" (new Error("", "(unknown module)"))
1597665226831	Marionette	INFO	Listening on port 50218
1597665226923	Marionette	WARN	TLS certificate errors will be ignored for this session
1597665265679	Marionette	INFO	Stopped listening on port 50218
[Parent 11240, Gecko_IOThread] WARNING: file /builds/worker/checkouts/gecko/ipc/chromium/src/base/process_util_win.cc, line 166
[Parent 11240, Gecko_IOThread] WARNING: file /builds/worker/checkouts/gecko/ipc/chromium/src/base/process_util_win.cc, line 166

###!!! [Child][RunMessage] Error: Channel closing: too late to send/recv, messages will be lost


###!!! [Child][MessageChannel::SendAndWait] Error: Channel error: cannot send/recv

